Run: ./yii-logger.php ./yii-logger-default.php
0.33005094528198
0.31700611114502
0.31252789497375
0.30738091468811
0.31800222396851
0.31497287750244
0.30120396614075
0.31021404266357
0.3043360710144
0.34637403488159
Run: ./yii-logger.php ./yii-logger-force-export.php
0.29303789138794
0.30741810798645
0.31960797309875
0.30301117897034
0.2932710647583
0.29534697532654
0.30311608314514
0.33590292930603
0.29975509643555
0.30083918571472
Run: ./yii-logger.php ./yii-logger-force-flush.php
0.77033400535583
0.75161790847778
0.76752209663391
0.74885582923889
0.78592300415039
0.76373910903931
0.77648997306824
0.79255294799805
0.73552012443542
0.74397683143616
Run: ./mougrim-logger.php ./mougrim-logger-format.php
0.90701007843018
0.85872006416321
0.88718509674072
0.89909982681274
0.83546686172485
0.87992095947266
0.88694286346436
0.87246084213257
0.86820316314697
0.88084316253662
Run: ./mougrim-logger.php ./mougrim-logger-like-yii.php
0.60193610191345
0.51603007316589
0.50766611099243
0.4729311466217
0.49772596359253
0.48878312110901
0.49942111968994
0.49234986305237
0.49913692474365
0.50595712661743
Run: ./mougrim-logger.php ./mougrim-logger-like-yii-without-user-info.php
0.40585589408875
0.39485597610474
0.39401602745056
0.38017392158508
0.38001990318298
0.39332008361816
0.3880181312561
0.41817212104797
0.37904906272888
0.38041591644287
Run: ./mougrim-logger.php ./mougrim-logger-simple.php
0.34937214851379
0.32780694961548
0.34946513175964
0.31183004379272
0.32258296012878
0.32765197753906
0.31947994232178
0.32056593894958
0.35075807571411
0.35902500152588
Run: ./mougrim-logger.php ./mougrim-logger-without-format.php
0.2192530632019
0.26069593429565
0.32294011116028
0.20833611488342
0.21739196777344
0.20019006729126
0.21921586990356
0.20600509643555
0.20366716384888
0.20428609848022
